<?xml version="1.0" encoding="UTF-8"?>
<!-- Generated by org.testng.reporters.JUnitReportReporter -->
<testsuite hostname="DESKTOP-CJA5CRS" failures="0" tests="1" name="com.testngtest.Example_004_groups" time="10.964" errors="0" timestamp="2022-02-10T05:38:27 IST" skipped="0">
  <testcase classname="com.testngtest.Example_004_groups" name="starting_point" time="10.964"/>
  <system-out/>
</testsuite> <!-- com.testngtest.Example_004_groups -->
