<?xml version="1.0" encoding="UTF-8"?>
<!-- Generated by org.testng.reporters.JUnitReportReporter -->
<testsuite hostname="DESKTOP-CJA5CRS" failures="0" tests="1" name="com.testngtest.Example_001" time="0.008" errors="0" timestamp="2022-02-10T04:35:42 IST" skipped="0">
  <testcase classname="com.testngtest.Example_001" name="teaPreparation" time="0.008"/>
  <system-out/>
</testsuite> <!-- com.testngtest.Example_001 -->
