<?xml version="1.0" encoding="UTF-8"?>
<!-- Generated by org.testng.reporters.JUnitReportReporter -->
<testsuite hostname="DESKTOP-CJA5CRS" failures="0" tests="2" name="com.testngtest.Example_002" time="8.449" errors="0" timestamp="2022-02-10T04:54:11 IST" skipped="0">
  <testcase classname="com.testngtest.Example_002" name="foo" time="0.012"/>
  <system-out/>
  <testcase classname="com.testngtest.Example_002" name="lauchURL" time="8.437"/>
  <system-out/>
</testsuite> <!-- com.testngtest.Example_002 -->
