<?xml version="1.0" encoding="UTF-8"?>
<!-- Generated by org.testng.reporters.JUnitReportReporter -->
<testsuite hostname="DESKTOP-CJA5CRS" failures="0" tests="4" name="com.testngtest.Example_003_Priority" time="8.100" errors="0" timestamp="2022-02-10T05:08:07 IST" skipped="0">
  <testcase classname="com.testngtest.Example_003_Priority" name="AfterMethod" time="0.014"/>
  <system-out/>
  <testcase classname="com.testngtest.Example_003_Priority" name="beforeMethod" time="0.004"/>
  <system-out/>
  <testcase classname="com.testngtest.Example_003_Priority" name="foo" time="0.002"/>
  <system-out/>
  <testcase classname="com.testngtest.Example_003_Priority" name="lauchURL" time="8.080"/>
  <system-out/>
</testsuite> <!-- com.testngtest.Example_003_Priority -->
