<?xml version="1.0" encoding="UTF-8"?>
<!-- Generated by org.testng.reporters.JUnitReportReporter -->
<testsuite hostname="DESKTOP-C0FBNF9" failures="0" tests="2" name="parameters.Defineparameterssuitelevel" time="0.010" errors="0" timestamp="2022-01-17T18:46:46 IST" skipped="0">
  <testcase classname="parameters.Defineparameterssuitelevel" name="Sum" time="0.001"/>
  <system-out/>
  <testcase classname="parameters.Defineparameterssuitelevel" name="Diff" time="0.009"/>
  <system-out/>
</testsuite> <!-- parameters.Defineparameterssuitelevel -->
