<?xml version="1.0" encoding="UTF-8"?>
<!-- Generated by org.testng.reporters.JUnitReportReporter -->
<testsuite hostname="DESKTOP-C0FBNF9" failures="0" tests="2" name="dataprovider.DataProviderwithvalidinvaliddata" time="9.800" errors="0" timestamp="2022-01-17T18:38:03 IST" skipped="0">
  <testcase classname="dataprovider.DataProviderwithvalidinvaliddata" name="DataProvSampleTest" time="4.127"/>
  <system-out/>
  <testcase classname="dataprovider.DataProviderwithvalidinvaliddata" name="DataProvSampleTest" time="5.673"/>
  <system-out/>
</testsuite> <!-- dataprovider.DataProviderwithvalidinvaliddata -->
