<?xml version="1.0" encoding="UTF-8"?>
<!-- Generated by org.testng.reporters.JUnitReportReporter -->
<testsuite hostname="DESKTOP-C0FBNF9" failures="0" tests="3" name="dependent.DependsOnTest" time="0.015" errors="0" timestamp="2022-01-17T18:38:59 IST" skipped="0">
  <testcase classname="dependent.DependsOnTest" name="LogOut" time="0.003"/>
  <system-out/>
  <testcase classname="dependent.DependsOnTest" name="SignIn" time="0.003"/>
  <system-out/>
  <testcase classname="dependent.DependsOnTest" name="OpenBrowser" time="0.009"/>
  <system-out/>
</testsuite> <!-- dependent.DependsOnTest -->
