<?xml version="1.0" encoding="UTF-8"?>
<!-- Generated by org.testng.reporters.JUnitReportReporter -->
<testsuite hostname="DESKTOP-C0FBNF9" failures="0" tests="3" name="skiptest.skiptest" time="3.693" errors="0" timestamp="2022-01-17T18:28:08 IST" skipped="1">
  <testcase classname="skiptest.skiptest" name="OpenBrowser" time="3.692"/>
  <system-out/>
  <testcase classname="skiptest.skiptest" name="CloseBrowser" time="0.001"/>
  <system-out/>
  <testcase classname="skiptest.skiptest" name="AccountTest">
    <skipped/>
  </testcase> <!-- AccountTest -->
  <system-out/>
</testsuite> <!-- skiptest.skiptest -->
