<?xml version="1.0" encoding="UTF-8"?>
<!-- Generated by org.testng.reporters.JUnitReportReporter -->
<testsuite hostname="DESKTOP-C0FBNF9" failures="0" tests="4" name="dependent.TestNgDependentTestinxmlsuite" time="0.010" errors="0" timestamp="2022-01-17T18:55:58 IST" skipped="0">
  <testcase classname="dependent.TestNgDependentTestinxmlsuite" name="ViewAcc" time="0.001"/>
  <system-out/>
  <testcase classname="dependent.TestNgDependentTestinxmlsuite" name="OpenBrowser" time="0.007"/>
  <system-out/>
  <testcase classname="dependent.TestNgDependentTestinxmlsuite" name="CloseAccount" time="0.001"/>
  <system-out/>
  <testcase classname="dependent.TestNgDependentTestinxmlsuite" name="LogIn" time="0.001"/>
  <system-out/>
</testsuite> <!-- dependent.TestNgDependentTestinxmlsuite -->
