<?xml version="1.0" encoding="UTF-8"?>
<!-- Generated by org.testng.reporters.JUnitReportReporter -->
<testsuite hostname="DESKTOP-C0FBNF9" failures="0" tests="1" name="parameters.TestNgParameters" time="0.011" errors="0" timestamp="2022-01-17T18:54:10 IST" skipped="0">
  <testcase classname="parameters.TestNgParameters" name="Sum" time="0.011"/>
  <system-out/>
</testsuite> <!-- parameters.TestNgParameters -->
