<?xml version="1.0" encoding="UTF-8"?>
<!-- Generated by org.testng.reporters.JUnitReportReporter -->
<testsuite hostname="DESKTOP-C0FBNF9" failures="0" tests="1" name="weblocators.WebTable" time="8.606" errors="0" timestamp="2022-01-17T13:21:42 IST" skipped="0">
  <testcase classname="weblocators.WebTable" name="testApp" time="8.606"/>
  <system-out/>
</testsuite> <!-- weblocators.WebTable -->
