<?xml version="1.0" encoding="UTF-8"?>
<!-- Generated by org.testng.reporters.JUnitReportReporter -->
<testsuite hostname="DESKTOP-C0FBNF9" failures="0" tests="1" name="weblocators.NullSkull" time="6.521" errors="0" timestamp="2022-01-17T11:52:57 IST" skipped="0">
  <testcase classname="weblocators.NullSkull" name="testApp" time="6.521"/>
  <system-out/>
</testsuite> <!-- weblocators.NullSkull -->
