<?xml version="1.0" encoding="UTF-8"?>
<!-- Generated by org.testng.reporters.JUnitReportReporter -->
<testsuite hostname="DESKTOP-C0FBNF9" failures="0" tests="1" name="webTables.Rediff" time="10.636" errors="0" timestamp="2022-01-17T15:56:39 IST" skipped="0">
  <testcase classname="webTables.Rediff" name="testTable" time="10.636"/>
  <system-out/>
</testsuite> <!-- webTables.Rediff -->
