<?xml version="1.0" encoding="UTF-8"?>
<!-- Generated by org.testng.reporters.JUnitReportReporter -->
<testsuite hostname="DESKTOP-C0FBNF9" failures="0" tests="1" name="radiobuttosandScreenshot.RadioButtons" time="6.777" errors="0" timestamp="2022-01-17T13:42:12 IST" skipped="0">
  <testcase classname="radiobuttosandScreenshot.RadioButtons" name="radio" time="6.777"/>
  <system-out/>
</testsuite> <!-- radiobuttosandScreenshot.RadioButtons -->
