<?xml version="1.0" encoding="UTF-8"?>
<!-- Generated by org.testng.reporters.JUnitReportReporter -->
<testsuite hostname="DESKTOP-C0FBNF9" failures="0" tests="1" name="weblocators.CrikInfo" time="7.527" errors="0" timestamp="2022-01-17T12:55:23 IST" skipped="0">
  <testcase classname="weblocators.CrikInfo" name="testApp" time="7.527"/>
  <system-out/>
</testsuite> <!-- weblocators.CrikInfo -->
