<?xml version="1.0" encoding="UTF-8"?>
<!-- Generated by org.testng.reporters.JUnitReportReporter -->
<testsuite hostname="DESKTOP-C0FBNF9" failures="0" tests="1" name="weblocators.AmericanGolf" time="17.371" errors="0" timestamp="2022-01-17T11:06:44 IST" skipped="0">
  <testcase classname="weblocators.AmericanGolf" name="testApp" time="17.371"/>
  <system-out/>
</testsuite> <!-- weblocators.AmericanGolf -->
