<?xml version="1.0" encoding="UTF-8"?>
<!-- Generated by org.testng.reporters.JUnitReportReporter -->
<testsuite hostname="DESKTOP-C0FBNF9" failures="0" tests="1" name="weblocators.Dice" time="30.046" errors="0" timestamp="2022-01-17T13:15:33 IST" skipped="0">
  <testcase classname="weblocators.Dice" name="testApp" time="30.046"/>
  <system-out/>
</testsuite> <!-- weblocators.Dice -->
