<?xml version="1.0" encoding="UTF-8"?>
<!-- Generated by org.testng.reporters.JUnitReportReporter -->
<testsuite hostname="DESKTOP-C0FBNF9" failures="0" tests="1" name="radiobuttosandScreenshot.TakeScreenshots" time="4.022" errors="0" timestamp="2022-01-17T13:51:05 IST" skipped="0">
  <testcase classname="radiobuttosandScreenshot.TakeScreenshots" name="screenshot" time="4.022"/>
  <system-out/>
</testsuite> <!-- radiobuttosandScreenshot.TakeScreenshots -->
