<?xml version="1.0" encoding="UTF-8"?>
<!-- Generated by org.testng.reporters.JUnitReportReporter -->
<testsuite hostname="DESKTOP-C0FBNF9" failures="0" tests="1" name="windowsmanagement.WindowsSelenium" time="8.151" errors="0" timestamp="2022-01-17T15:49:55 IST" skipped="0">
  <testcase classname="windowsmanagement.WindowsSelenium" name="testWindows" time="8.151"/>
  <system-out/>
</testsuite> <!-- windowsmanagement.WindowsSelenium -->
