<?xml version="1.0" encoding="UTF-8"?>
<!-- Generated by org.testng.reporters.JUnitReportReporter -->
<testsuite hostname="DESKTOP-C0FBNF9" failures="0" tests="1" name="weblocators.Google" time="4.932" errors="0" timestamp="2022-01-17T11:41:03 IST" skipped="0">
  <testcase classname="weblocators.Google" name="testApp" time="4.932"/>
  <system-out/>
</testsuite> <!-- weblocators.Google -->
