<?xml version="1.0" encoding="UTF-8"?>
<!-- Generated by org.testng.reporters.JUnitReportReporter -->
<testsuite hostname="DESKTOP-C0FBNF9" failures="0" tests="1" name="weblocators.FBFriendSearch" time="11.107" errors="0" timestamp="2022-01-17T11:31:06 IST" skipped="0">
  <testcase classname="weblocators.FBFriendSearch" name="testApp" time="11.107"/>
  <system-out/>
</testsuite> <!-- weblocators.FBFriendSearch -->
