<?xml version="1.0" encoding="UTF-8"?>
<!-- Generated by org.testng.reporters.JUnitReportReporter -->
<testsuite hostname="DESKTOP-C0FBNF9" failures="0" tests="1" name="weblocators.Amazon" time="7.670" errors="0" timestamp="2022-01-17T12:37:43 IST" skipped="0">
  <testcase classname="weblocators.Amazon" name="testApp" time="7.670"/>
  <system-out/>
</testsuite> <!-- weblocators.Amazon -->
