<?xml version="1.0" encoding="UTF-8"?>
<!-- Generated by org.testng.reporters.JUnitReportReporter -->
<testsuite hostname="DESKTOP-C0FBNF9" failures="0" tests="1" name="windowsmanagement.RediffAlert" time="4.498" errors="0" timestamp="2022-01-17T15:46:26 IST" skipped="0">
  <testcase classname="windowsmanagement.RediffAlert" name="rediff" time="4.498"/>
  <system-out/>
</testsuite> <!-- windowsmanagement.RediffAlert -->
