<?xml version="1.0" encoding="UTF-8"?>
<!-- Generated by org.testng.reporters.JUnitReportReporter -->
<testsuite hostname="DESKTOP-C0FBNF9" failures="0" tests="1" name="weblocators.Bankbazaar" time="8.597" errors="0" timestamp="2022-01-17T13:22:57 IST" skipped="0">
  <testcase classname="weblocators.Bankbazaar" name="bank" time="8.597"/>
  <system-out/>
</testsuite> <!-- weblocators.Bankbazaar -->
