<?xml version="1.0" encoding="UTF-8"?>
<!-- Generated by org.testng.reporters.JUnitReportReporter -->
<testsuite hostname="DESKTOP-C0FBNF9" failures="0" tests="1" name="cssSelectors.LinkedIn" time="3.067" errors="0" timestamp="2022-01-17T10:58:43 IST" skipped="0">
  <testcase classname="cssSelectors.LinkedIn" name="linkedIn" time="3.067"/>
  <system-out/>
</testsuite> <!-- cssSelectors.LinkedIn -->
