<?xml version="1.0" encoding="UTF-8"?>
<!-- Generated by org.testng.reporters.JUnitReportReporter -->
<testsuite hostname="DESKTOP-CJA5CRS" failures="0" tests="1" name="allurereport.FunctioningofAllure" time="5.280" errors="0" timestamp="2022-02-08T20:46:19 IST" skipped="0">
  <testcase classname="allurereport.FunctioningofAllure" name="verifyPageTitle" time="5.280"/>
  <system-out/>
</testsuite> <!-- allurereport.FunctioningofAllure -->
